<?xml version="1.0" encoding="UTF-8"?>
<!-- Generated by org.testng.reporters.JUnitXMLReporter -->
<testsuite hostname="LP-5CD6518TRT" ignored="1" name="Default test" tests="2" failures="0" timestamp="17 Jul 2018 06:52:37 GMT" time="0.048" errors="0">
  <testcase name="@BeforeClass setUp" time="0.013" classname="test.Skipping.TestSkipping">
    <skipped/>
  </testcase> <!-- @BeforeClass setUp -->
  <testcase name="a" time="0.0" classname="test.Skipping.TestSkipping">
    <skipped/>
  </testcase> <!-- a -->
  <testcase name="c" time="0.0" classname="test.Skipping.TestSkipping">
    <skipped/>
  </testcase> <!-- c -->
  <testcase name="b" time="0.0" classname="test.Skipping.TestSkipping">
    <ignored/>
  </testcase> <!-- b -->
</testsuite> <!-- Default test -->
