<?xml version="1.0" encoding="UTF-8"?>
<!-- Generated by org.testng.reporters.JUnitXMLReporter -->
<testsuite hostname="LP-5CD6518TRT" ignored="1" name="Group Test" tests="2" failures="0" timestamp="16 Jul 2018 11:42:31 GMT" time="0.058" errors="0">
  <testcase name="b" time="0.01" classname="test.groups.TestGroups"/>
  <testcase name="c" time="0.002" classname="test.groups.TestGroups"/>
  <testcase name="a" time="0.0" classname="test.groups.TestGroups">
    <ignored/>
  </testcase> <!-- a -->
</testsuite> <!-- Group Test -->
