<?xml version="1.0" encoding="UTF-8"?>
<!-- Generated by org.testng.reporters.JUnitXMLReporter -->
<testsuite hostname="LP-5CD6518TRT" ignored="0" name="Test" tests="8" failures="1" timestamp="08 Jul 2018 05:39:36 GMT" time="0.096" errors="0">
  <testcase name="passTest" time="0.014" classname="com.TestNG.ListnerTestClass"/>
  <testcase name="failTest" time="0.005" classname="com.TestNG.ListnerTestClass">
    <failure type="java.lang.AssertionError" message="expected [true] but found [false]">
      <![CDATA[java.lang.AssertionError: expected [true] but found [false]at com.TestNG.ListnerTestClass.failTest(ListnerTestClass.java:18)... Removed 29 stack frames]]>
    </failure>
  </testcase> <!-- failTest -->
  <testcase name="skipTest" time="0.002" classname="com.TestNG.ListnerTestClass">
    <skipped/>
  </testcase> <!-- skipTest -->
  <testcase name="repeatTestBAsesOnPercentage" time="0.002" classname="com.TestNG.ListnerTestClass"/>
  <testcase name="repeatTestBAsesOnPercentage" time="0.002" classname="com.TestNG.ListnerTestClass"/>
  <testcase name="repeatTestBAsesOnPercentage" time="0.002" classname="com.TestNG.ListnerTestClass"/>
  <testcase name="repeatTestBAsesOnPercentage" time="0.002" classname="com.TestNG.ListnerTestClass"/>
  <testcase name="repeatTestBAsesOnPercentage" time="0.002" classname="com.TestNG.ListnerTestClass"/>
</testsuite> <!-- Test -->
