<?xml version="1.0" encoding="UTF-8"?>
<!-- Generated by org.testng.reporters.JUnitXMLReporter -->
<testsuite hostname="LP-5CD6518TRT" ignored="0" name="Test" tests="3" failures="0" timestamp="17 Jul 2018 06:10:42 GMT" time="0.056" errors="0">
  <testcase name="openLoginPage" time="0.01" classname="test.dependency.TestDependency"/>
  <testcase name="signIn" time="0.002" classname="test.dependency.TestDependency"/>
  <testcase name="logOut" time="0.002" classname="test.dependency.TestDependency"/>
</testsuite> <!-- Test -->
